2020-04-10 12:45:46 INFO  BasePage:27 - Navigating to Log In Page.
2020-04-10 12:45:47 INFO  BasePage:29 - Entering email as existing user.
2020-04-10 12:48:34 INFO  BasePage:27 - Navigating to Log In Page.
2020-04-10 12:48:35 INFO  BasePage:29 - Entering email as existing user.
2020-04-10 12:48:36 INFO  BasePage:31 - Entering password as existing user.
2020-04-10 12:48:36 INFO  BasePage:33 - Pressed Log In.
2020-04-10 13:04:58 INFO  BaseTest:27 - Creating threadsafe driver instance forchrome 
2020-04-10 13:05:07 INFO  BaseTest:27 - Creating threadsafe driver instance forchrome 
2020-04-10 13:05:07 INFO  BaseTest:27 - Creating threadsafe driver instance forchrome 
2020-04-10 13:05:12 INFO  BaseTest:35 - WebDriver saved to context.
2020-04-10 13:05:12 INFO  BaseTest:35 - WebDriver saved to context.
2020-04-10 13:05:13 INFO  BasePage:27 - Navigating to Log In Page.
2020-04-10 13:05:13 INFO  BasePage:27 - Navigating to Log In Page.
2020-04-10 13:05:14 INFO  BasePage:29 - Entering email as existing user.
2020-04-10 13:05:14 INFO  BaseTest:38 - Validating Register button text.
2020-04-10 13:05:15 INFO  BasePage:31 - Entering password as existing user.
2020-04-10 13:05:15 INFO  BasePage:33 - Pressed Log In.
2020-04-10 13:05:15 INFO  BaseTest:40 - Validating Register URL fragment for Login page.
2020-04-10 13:05:15 INFO  BasePage:22 - Entering Email address.
2020-04-10 13:05:15 INFO  BasePage:24 - Submitting email.
2020-04-10 13:05:16 INFO  BaseTest:88 - Validating account label.
2020-04-10 13:05:16 INFO  BaseTest:91 - Validating Register URL fragment for Login page.
2020-04-10 13:05:16 INFO  BaseTest:94 - Validating visibility of logout button.
2020-04-10 13:05:16 INFO  BaseTest:55 - Killing driver instance
2020-04-10 13:05:17 INFO  BaseTest:45 - Validating Register URL fragment for Login page.
2020-04-10 13:05:18 INFO  BaseTest:48 - Validating email address to match with provided email.
2020-04-10 13:05:18 INFO  BasePage:42 - Entering User Details.
2020-04-10 13:05:18 INFO  BasePage:48 - Selecting Date of Birth.
2020-04-10 13:05:18 INFO  BasePage:49 - Setting birth Day to 3
2020-04-10 13:05:18 INFO  BasePage:54 - Setting birth Month to 10
2020-04-10 13:05:18 INFO  BasePage:58 - Setting birth Year to 1922
2020-04-10 13:05:18 INFO  BasePage:61 - Entering Address and Location details.
2020-04-10 13:05:18 INFO  BasePage:67 - Selecting State.
2020-04-10 13:05:18 INFO  BasePage:71 - Entering other details.
2020-04-10 13:05:20 INFO  BaseTest:55 - Validating account label.
2020-04-10 13:05:20 INFO  BaseTest:58 - Validating Register URL fragment for Login page.
2020-04-10 13:05:20 INFO  BaseTest:61 - Validating visibility of logout button.
2020-04-10 13:05:20 INFO  BaseTest:55 - Killing driver instance
2020-04-10 13:05:20 INFO  BaseTest:65 - Removing thread.
2020-04-10 13:11:54 INFO  BaseTest:27 - Creating threadsafe driver instance forchrome 
2020-04-10 13:11:54 INFO  BaseTest:27 - Creating threadsafe driver instance forchrome 
2020-04-10 13:11:54 INFO  BaseTest:27 - Creating threadsafe driver instance forchrome 
2020-04-10 13:12:00 INFO  BaseTest:35 - WebDriver saved to context.
2020-04-10 13:12:00 INFO  BaseTest:35 - WebDriver saved to context.
2020-04-10 13:12:00 INFO  BaseTest:35 - WebDriver saved to context.
2020-04-10 13:12:00 INFO  HomePage:29 - Navigating to Log In Page.
2020-04-10 13:12:00 INFO  BasePage:42 - Waiting for element visibility for: By.className: login
2020-04-10 13:12:00 INFO  HomePage:29 - Navigating to Log In Page.
2020-04-10 13:12:00 INFO  BasePage:42 - Waiting for element visibility for: By.className: login
2020-04-10 13:12:00 INFO  HomePage:29 - Navigating to Log In Page.
2020-04-10 13:12:00 INFO  BasePage:42 - Waiting for element visibility for: By.className: login
2020-04-10 13:12:02 INFO  AuthenticationTests:40 - Validating Register button text.
2020-04-10 13:12:02 INFO  LoginPage:32 - Entering email as existing user.
2020-04-10 13:12:02 INFO  BasePage:42 - Waiting for element visibility for: By.id: email
2020-04-10 13:12:02 INFO  LoginPage:32 - Entering email as existing user.
2020-04-10 13:12:02 INFO  BasePage:42 - Waiting for element visibility for: By.id: email
2020-04-10 13:12:03 INFO  LoginPage:34 - Entering password as existing user.
2020-04-10 13:12:03 INFO  LoginPage:34 - Entering password as existing user.
2020-04-10 13:12:03 INFO  BasePage:72 - Finding element: By.id: passwd
2020-04-10 13:12:03 INFO  BasePage:72 - Finding element: By.id: passwd
2020-04-10 13:12:03 INFO  LoginPage:36 - Pressed Log In.
2020-04-10 13:12:03 INFO  LoginPage:36 - Pressed Log In.
2020-04-10 13:12:03 INFO  BasePage:72 - Finding element: By.id: SubmitLogin
2020-04-10 13:12:03 INFO  BasePage:72 - Finding element: By.id: SubmitLogin
2020-04-10 13:12:04 INFO  AuthenticationTests:42 - Validating Register URL fragment for Login page.
2020-04-10 13:12:04 INFO  LoginPage:25 - Entering Email address.
2020-04-10 13:12:04 INFO  BasePage:42 - Waiting for element visibility for: By.id: email_create
2020-04-10 13:12:04 INFO  LoginPage:27 - Submitting email.
2020-04-10 13:12:04 INFO  BasePage:52 - Waiting for element presence for: By.id: SubmitCreate
2020-04-10 13:12:04 INFO  BasePage:52 - Waiting for element presence for: By.id: id_gender2
2020-04-10 13:12:06 INFO  BasePage:52 - Waiting for element presence for: By.cssSelector: h1
2020-04-10 13:12:06 INFO  BasePage:52 - Waiting for element presence for: By.cssSelector: h1
2020-04-10 13:12:06 INFO  BasePage:72 - Finding element: By.linkText: Women
2020-04-10 13:12:06 INFO  AuthenticationTests:90 - Validating account label.
2020-04-10 13:12:06 INFO  BasePage:42 - Waiting for element visibility for: By.cssSelector: h1
2020-04-10 13:12:06 INFO  AuthenticationTests:93 - Validating Register URL fragment for Login page.
2020-04-10 13:12:06 INFO  BasePage:72 - Finding element: By.className: account
2020-04-10 13:12:06 INFO  AuthenticationTests:96 - Validating visibility of logout button.
2020-04-10 13:12:06 INFO  BasePage:72 - Finding element: By.className: logout
2020-04-10 13:12:06 INFO  BaseTest:55 - Killing driver instance
2020-04-10 13:12:06 INFO  AuthenticationTests:47 - Validating Register URL fragment for Login page.
2020-04-10 13:12:06 INFO  BasePage:62 - Waiting for url to update and contain: account-creation
2020-04-10 13:12:07 INFO  AuthenticationTests:50 - Validating email address to match with provided email.
2020-04-10 13:12:07 INFO  BasePage:72 - Finding element: By.id: email
2020-04-10 13:12:07 INFO  CreateAccountPage:45 - Entering User Details.
2020-04-10 13:12:07 INFO  BasePage:72 - Finding element: By.id: customer_firstname
2020-04-10 13:12:07 INFO  BasePage:72 - Finding element: By.id: customer_lastname
2020-04-10 13:12:07 INFO  BasePage:72 - Finding element: By.id: passwd
2020-04-10 13:12:07 INFO  CreateAccountPage:51 - Selecting Date of Birth.
2020-04-10 13:12:07 INFO  CreateAccountPage:52 - Setting birth Day to 24
2020-04-10 13:12:07 INFO  BasePage:72 - Finding element: By.id: days
2020-04-10 13:12:07 INFO  BasePage:72 - Finding element: By.id: months
2020-04-10 13:12:07 INFO  CreateAccountPage:57 - Setting birth Month to 7
2020-04-10 13:12:07 INFO  BasePage:72 - Finding element: By.id: years
2020-04-10 13:12:07 INFO  CreateAccountPage:61 - Setting birth Year to 1936
2020-04-10 13:12:07 INFO  CreateAccountPage:64 - Entering Address and Location details.
2020-04-10 13:12:07 INFO  BasePage:72 - Finding element: By.id: company
2020-04-10 13:12:07 INFO  BasePage:72 - Finding element: By.id: address1
2020-04-10 13:12:07 INFO  BasePage:42 - Waiting for element visibility for: By.className: cat-name
2020-04-10 13:12:07 INFO  BasePage:72 - Finding element: By.id: address2
2020-04-10 13:12:07 INFO  BasePage:42 - Waiting for element visibility for: By.xpath: //a[@title='Faded Short Sleeve T-shirts'][@class='product-name']
2020-04-10 13:12:07 INFO  BasePage:72 - Finding element: By.id: city
2020-04-10 13:12:07 INFO  CreateAccountPage:70 - Selecting State.
2020-04-10 13:12:07 INFO  BasePage:72 - Finding element: By.id: id_state
2020-04-10 13:12:08 INFO  CreateAccountPage:74 - Entering other details.
2020-04-10 13:12:08 INFO  BasePage:72 - Finding element: By.id: postcode
2020-04-10 13:12:08 INFO  BasePage:72 - Finding element: By.id: other
2020-04-10 13:12:08 INFO  BasePage:72 - Finding element: By.id: phone
2020-04-10 13:12:08 INFO  BasePage:72 - Finding element: By.id: phone_mobile
2020-04-10 13:12:08 INFO  BasePage:72 - Finding element: By.id: alias
2020-04-10 13:12:08 INFO  BasePage:72 - Finding element: By.id: submitAccount
2020-04-10 13:12:09 INFO  BasePage:52 - Waiting for element presence for: By.id: our_price_display
2020-04-10 13:12:10 INFO  BasePage:72 - Finding element: By.name: Submit
2020-04-10 13:12:10 INFO  BasePage:42 - Waiting for element visibility for: By.xpath: //*[@id='layer_cart']//a[@class and @title='Proceed to checkout']
2020-04-10 13:12:12 INFO  BasePage:52 - Waiting for element presence for: By.cssSelector: h1
2020-04-10 13:12:12 INFO  AuthenticationTests:57 - Validating account label.
2020-04-10 13:12:12 INFO  BasePage:42 - Waiting for element visibility for: By.cssSelector: h1
2020-04-10 13:12:12 INFO  AuthenticationTests:60 - Validating Register URL fragment for Login page.
2020-04-10 13:12:12 INFO  BasePage:72 - Finding element: By.className: account
2020-04-10 13:12:12 INFO  AuthenticationTests:63 - Validating visibility of logout button.
2020-04-10 13:12:12 INFO  BasePage:72 - Finding element: By.className: logout
2020-04-10 13:12:12 INFO  BaseTest:55 - Killing driver instance
2020-04-10 13:12:12 INFO  BaseTest:65 - Removing thread.
2020-04-10 13:12:13 INFO  BasePage:42 - Waiting for element visibility for: By.xpath: //*[contains(@class,'cart_navigation')]/a[@title='Proceed to checkout']
2020-04-10 13:12:13 INFO  BasePage:72 - Finding element: By.xpath: //*[contains(@class,'cart_navigation')]/a[@title='Proceed to checkout']
2020-04-10 13:12:15 INFO  BasePage:72 - Finding element: By.name: processAddress
2020-04-10 13:12:16 INFO  BasePage:72 - Finding element: By.id: uniform-cgv
2020-04-10 13:12:16 INFO  BasePage:72 - Finding element: By.name: processCarrier
2020-04-10 13:12:17 INFO  BasePage:72 - Finding element: By.className: bankwire
2020-04-10 13:12:18 INFO  BasePage:72 - Finding element: By.xpath: //*[@id='cart_navigation']/button
2020-04-10 13:12:20 INFO  BasePage:42 - Waiting for element visibility for: By.cssSelector: h1
2020-04-10 13:12:20 INFO  BasePage:72 - Finding element: By.cssSelector: h1
2020-04-10 13:12:20 INFO  BasePage:72 - Finding element: By.xpath: //li[@class='step_done step_done_last four']
2020-04-10 13:12:20 INFO  BasePage:72 - Finding element: By.xpath: //li[@id='step_end' and @class='step_current last']
2020-04-10 13:12:20 INFO  BasePage:72 - Finding element: By.xpath: //*[@class='cheque-indent']/strong
2020-04-10 13:12:20 INFO  BaseTest:55 - Killing driver instance
2020-04-10 13:12:20 INFO  BaseTest:65 - Removing thread.
2020-04-10 13:30:05 INFO  BaseTest:28 - Creating threadsafe driver instance forchrome 
2020-04-10 13:30:05 INFO  BaseTest:28 - Creating threadsafe driver instance forchrome 
2020-04-10 13:30:05 INFO  BaseTest:28 - Creating threadsafe driver instance forchrome 
2020-04-10 13:30:39 INFO  BaseTest:28 - Creating threadsafe driver instance forchrome 
2020-04-10 13:30:39 INFO  BaseTest:28 - Creating threadsafe driver instance forchrome 
2020-04-10 13:30:39 INFO  BaseTest:28 - Creating threadsafe driver instance forchrome 
2020-04-10 13:31:20 INFO  BaseTest:28 - Creating threadsafe driver instance forchrome 
2020-04-10 13:31:20 INFO  BaseTest:28 - Creating threadsafe driver instance forchrome 
2020-04-10 13:31:21 INFO  BaseTest:28 - Creating threadsafe driver instance forchrome 
2020-04-10 13:32:13 INFO  BaseTest:28 - Creating threadsafe driver instance forchrome 
2020-04-10 13:32:13 INFO  BaseTest:28 - Creating threadsafe driver instance forchrome 
2020-04-10 13:32:14 INFO  BaseTest:28 - Creating threadsafe driver instance forchrome 
2020-04-10 13:32:31 INFO  BaseTest:28 - Creating threadsafe driver instance forchrome 
2020-04-10 13:32:31 INFO  BaseTest:28 - Creating threadsafe driver instance forchrome 
2020-04-10 13:32:31 INFO  BaseTest:28 - Creating threadsafe driver instance forchrome 
2020-04-10 13:37:38 INFO  BaseTest:29 - Creating threadsafe driver instance forchrome 
2020-04-10 13:39:28 INFO  BaseTest:29 - Creating threadsafe driver instance forchrome 
2020-04-10 13:42:22 INFO  BaseTest:29 - Creating threadsafe driver instance forchrome 
2020-04-10 13:42:22 INFO  BaseTest:29 - Creating threadsafe driver instance forchrome 
2020-04-10 13:43:00 INFO  BaseTest:29 - Creating threadsafe driver instance forchrome 
2020-04-10 13:44:51 INFO  BaseTest:29 - Creating threadsafe driver instance forchrome 
2020-04-10 13:45:20 INFO  BaseTest:28 - Creating threadsafe driver instance forchrome 
2020-04-10 13:45:20 INFO  BaseTest:28 - Creating threadsafe driver instance forchrome 
2020-04-10 13:45:20 INFO  BaseTest:28 - Creating threadsafe driver instance forchrome 
2020-04-10 13:45:54 INFO  BaseTest:28 - Creating threadsafe driver instance forchrome 
2020-04-10 13:45:54 INFO  BaseTest:28 - Creating threadsafe driver instance forchrome 
2020-04-10 13:45:55 INFO  BaseTest:28 - Creating threadsafe driver instance forchrome 
2020-04-10 13:47:09 INFO  BaseTest:28 - Creating threadsafe driver instance forchrome 
2020-04-10 13:47:09 INFO  BaseTest:28 - Creating threadsafe driver instance forchrome 
2020-04-10 13:47:09 INFO  BaseTest:28 - Creating threadsafe driver instance forchrome 
2020-04-10 13:47:42 INFO  BaseTest:28 - Creating threadsafe driver instance forchrome 
2020-04-10 13:47:42 INFO  BaseTest:28 - Creating threadsafe driver instance forchrome 
2020-04-10 13:47:43 INFO  BaseTest:28 - Creating threadsafe driver instance forchrome 
2020-04-10 13:47:48 INFO  BaseTest:37 - WebDriver saved to context.
2020-04-10 13:47:48 INFO  BaseTest:37 - WebDriver saved to context.
2020-04-10 13:47:48 INFO  BaseTest:37 - WebDriver saved to context.
2020-04-10 13:47:48 INFO  HomePage:29 - Navigating to Log In Page.
2020-04-10 13:47:48 INFO  BasePage:42 - Waiting for element visibility for: By.className: login
2020-04-10 13:47:48 INFO  HomePage:29 - Navigating to Log In Page.
2020-04-10 13:47:48 INFO  BasePage:42 - Waiting for element visibility for: By.className: login
2020-04-10 13:47:48 INFO  HomePage:29 - Navigating to Log In Page.
2020-04-10 13:47:48 INFO  BasePage:42 - Waiting for element visibility for: By.className: login
2020-04-10 13:47:52 INFO  LoginPage:44 - Entering email as existing user.
2020-04-10 13:47:52 INFO  BasePage:42 - Waiting for element visibility for: By.id: email
2020-04-10 13:47:52 INFO  AuthenticationTests:40 - Validating Register button text.
2020-04-10 13:47:52 INFO  LoginPage:44 - Entering email as existing user.
2020-04-10 13:47:52 INFO  BasePage:42 - Waiting for element visibility for: By.id: email
2020-04-10 13:47:53 INFO  LoginPage:46 - Entering password as existing user.
2020-04-10 13:47:53 INFO  BasePage:72 - Finding element: By.id: passwd
2020-04-10 13:47:53 INFO  LoginPage:48 - Pressed Log In.
2020-04-10 13:47:53 INFO  BasePage:72 - Finding element: By.id: SubmitLogin
2020-04-10 13:47:53 INFO  LoginPage:46 - Entering password as existing user.
2020-04-10 13:47:53 INFO  BasePage:72 - Finding element: By.id: passwd
2020-04-10 13:47:53 INFO  LoginPage:48 - Pressed Log In.
2020-04-10 13:47:53 INFO  BasePage:72 - Finding element: By.id: SubmitLogin
2020-04-10 13:47:54 INFO  AuthenticationTests:42 - Validating Register URL fragment for Login page.
2020-04-10 13:47:54 INFO  LoginPage:32 - Entering Email address.
2020-04-10 13:47:54 INFO  BasePage:42 - Waiting for element visibility for: By.id: email_create
2020-04-10 13:47:54 INFO  LoginPage:34 - Submitting email.
2020-04-10 13:47:54 INFO  BasePage:52 - Waiting for element presence for: By.id: SubmitCreate
2020-04-10 13:47:54 INFO  BasePage:52 - Waiting for element presence for: By.id: id_gender2
2020-04-10 13:47:59 INFO  BasePage:52 - Waiting for element presence for: By.cssSelector: h1
2020-04-10 13:47:59 INFO  BasePage:52 - Waiting for element presence for: By.cssSelector: h1
2020-04-10 13:47:59 INFO  MyAccountPage:36 - Selecting category: Women
2020-04-10 13:47:59 INFO  BasePage:72 - Finding element: By.linkText: Women
2020-04-10 13:47:59 INFO  AuthenticationTests:90 - Validating account label.
2020-04-10 13:47:59 INFO  BasePage:42 - Waiting for element visibility for: By.cssSelector: h1
2020-04-10 13:47:59 INFO  AuthenticationTests:47 - Validating Register URL fragment for Login page.
2020-04-10 13:47:59 INFO  BasePage:62 - Waiting for url to update and contain: account-creation
2020-04-10 13:47:59 INFO  AuthenticationTests:93 - Validating Register URL fragment for Login page.
2020-04-10 13:47:59 INFO  BasePage:72 - Finding element: By.className: account
2020-04-10 13:47:59 INFO  AuthenticationTests:96 - Validating visibility of logout button.
2020-04-10 13:47:59 INFO  BasePage:72 - Finding element: By.className: logout
2020-04-10 13:47:59 INFO  BaseTest:57 - Killing driver instance
2020-04-10 13:48:00 INFO  AuthenticationTests:50 - Validating email address to match with provided email.
2020-04-10 13:48:00 INFO  BasePage:72 - Finding element: By.id: email
2020-04-10 13:48:00 INFO  CreateAccountPage:45 - Entering User Details.
2020-04-10 13:48:00 INFO  BasePage:72 - Finding element: By.id: customer_firstname
2020-04-10 13:48:00 INFO  BasePage:72 - Finding element: By.id: customer_lastname
2020-04-10 13:48:00 INFO  BasePage:72 - Finding element: By.id: passwd
2020-04-10 13:48:00 INFO  CreateAccountPage:51 - Selecting Date of Birth.
2020-04-10 13:48:00 INFO  CreateAccountPage:52 - Setting birth Day to 29
2020-04-10 13:48:00 INFO  BasePage:72 - Finding element: By.id: days
2020-04-10 13:48:00 INFO  BasePage:72 - Finding element: By.id: months
2020-04-10 13:48:00 INFO  CreateAccountPage:57 - Setting birth Month to 2
2020-04-10 13:48:00 INFO  BasePage:72 - Finding element: By.id: years
2020-04-10 13:48:00 INFO  CreateAccountPage:61 - Setting birth Year to 1948
2020-04-10 13:48:00 INFO  CreateAccountPage:64 - Entering Address and Location details.
2020-04-10 13:48:00 INFO  BasePage:72 - Finding element: By.id: company
2020-04-10 13:48:00 INFO  BasePage:72 - Finding element: By.id: address1
2020-04-10 13:48:00 INFO  BasePage:42 - Waiting for element visibility for: By.className: cat-name
2020-04-10 13:48:00 INFO  BasePage:72 - Finding element: By.id: address2
2020-04-10 13:48:00 INFO  BasePage:72 - Finding element: By.id: city
2020-04-10 13:48:00 INFO  CreateAccountPage:70 - Selecting State.
2020-04-10 13:48:00 INFO  BasePage:72 - Finding element: By.id: id_state
2020-04-10 13:48:00 INFO  CreateAccountPage:74 - Entering other details.
2020-04-10 13:48:00 INFO  BasePage:72 - Finding element: By.id: postcode
2020-04-10 13:48:01 INFO  BasePage:72 - Finding element: By.id: other
2020-04-10 13:48:01 INFO  BasePage:72 - Finding element: By.id: phone
2020-04-10 13:48:01 INFO  BasePage:72 - Finding element: By.id: phone_mobile
2020-04-10 13:48:01 INFO  CategoryItemsPage:33 - Selecting product: Faded Short Sleeve T-shirts
2020-04-10 13:48:01 INFO  BasePage:42 - Waiting for element visibility for: By.xpath: //a[@title='Faded Short Sleeve T-shirts'][@class='product-name']
2020-04-10 13:48:01 INFO  BasePage:72 - Finding element: By.id: alias
2020-04-10 13:48:01 INFO  BasePage:72 - Finding element: By.id: submitAccount
2020-04-10 13:48:02 INFO  BasePage:52 - Waiting for element presence for: By.id: our_price_display
2020-04-10 13:48:02 INFO  BasePage:72 - Finding element: By.name: Submit
2020-04-10 13:48:02 INFO  BasePage:52 - Waiting for element presence for: By.cssSelector: h1
2020-04-10 13:48:02 INFO  AuthenticationTests:57 - Validating account label.
2020-04-10 13:48:02 INFO  BasePage:42 - Waiting for element visibility for: By.cssSelector: h1
2020-04-10 13:48:02 INFO  AuthenticationTests:60 - Validating Register URL fragment for Login page.
2020-04-10 13:48:02 INFO  BasePage:72 - Finding element: By.className: account
2020-04-10 13:48:02 INFO  BasePage:42 - Waiting for element visibility for: By.xpath: //*[@id='layer_cart']//a[@class and @title='Proceed to checkout']
2020-04-10 13:48:02 INFO  AuthenticationTests:63 - Validating visibility of logout button.
2020-04-10 13:48:02 INFO  BasePage:72 - Finding element: By.className: logout
2020-04-10 13:48:02 INFO  BaseTest:57 - Killing driver instance
2020-04-10 13:48:03 INFO  BaseTest:67 - Removing thread.
2020-04-10 13:48:08 INFO  BasePage:42 - Waiting for element visibility for: By.xpath: //*[contains(@class,'cart_navigation')]/a[@title='Proceed to checkout']
2020-04-10 13:48:08 INFO  BasePage:72 - Finding element: By.xpath: //*[contains(@class,'cart_navigation')]/a[@title='Proceed to checkout']
2020-04-10 13:48:10 INFO  BasePage:72 - Finding element: By.name: processAddress
2020-04-10 13:48:11 INFO  OrderPage:66 - Confirming service terms
2020-04-10 13:48:11 INFO  BasePage:72 - Finding element: By.id: uniform-cgv
2020-04-10 13:48:12 INFO  OrderPage:68 - Confirming shipping
2020-04-10 13:48:12 INFO  BasePage:72 - Finding element: By.name: processCarrier
2020-04-10 13:48:13 INFO  OrderPage:76 - Confirming payment type
2020-04-10 13:48:13 INFO  BasePage:72 - Finding element: By.className: bankwire
2020-04-10 13:48:14 INFO  BasePage:72 - Finding element: By.xpath: //*[@id='cart_navigation']/button
2020-04-10 13:48:16 INFO  BasePage:42 - Waiting for element visibility for: By.cssSelector: h1
2020-04-10 13:48:16 INFO  BasePage:72 - Finding element: By.cssSelector: h1
2020-04-10 13:48:16 INFO  BasePage:72 - Finding element: By.xpath: //li[@class='step_done step_done_last four']
2020-04-10 13:48:16 INFO  BasePage:72 - Finding element: By.xpath: //li[@id='step_end' and @class='step_current last']
2020-04-10 13:48:16 INFO  BasePage:72 - Finding element: By.xpath: //*[@class='cheque-indent']/strong
2020-04-10 13:48:16 INFO  BaseTest:57 - Killing driver instance
2020-04-10 13:48:16 INFO  BaseTest:67 - Removing thread.
